This is pdfTeX, Version 3.141592653-2.6-1.40.24 (MiKTeX 22.1) (preloaded format=pdflatex 2023.4.6)  16 APR 2023 11:51
entering extended mode
 \write18 enabled.
 %&-line parsing enabled.
**./report.tex
(report.tex
LaTeX2e <2022-11-01> patch level 1
L3 programming layer <2023-02-22> (hcmut-report.cls
Document Class: hcmut-report 

(/Users/admin/Library/Application Support/MiKTeX/texmfs/install/tex/latex/base/
article.cls
Document Class: article 2022/07/02 v1.4n Standard LaTeX document class

(/Users/admin/Library/Application Support/MiKTeX/texmfs/install/tex/latex/base/
size10.clo
File: size10.clo 2022/07/02 v1.4n Standard LaTeX file (size option)
)
\c@part=\count185
\c@section=\count186
\c@subsection=\count187
\c@subsubsection=\count188
\c@paragraph=\count189
\c@subparagraph=\count190
\c@figure=\count191
\c@table=\count192
\abovecaptionskip=\skip48
\belowcaptionskip=\skip49
\bibindent=\dimen140
)
(/Users/admin/Library/Application Support/MiKTeX/texmfs/install/tex/latex/vntex
/vntex.sty
Package: vntex 2009/07/12 v1.1 support for Vietnamese

(/Users/admin/Library/Application Support/MiKTeX/texmfs/install/tex/latex/base/
ifthen.sty
Package: ifthen 2022/04/13 v1.1d Standard LaTeX ifthen package (DPC)
)
(/Users/admin/Library/Application Support/MiKTeX/texmfs/install/tex/latex/base/
fontenc.sty
Package: fontenc 2021/04/29 v2.0v Standard LaTeX package

(/Users/admin/Library/Application Support/MiKTeX/texmfs/install/tex/latex/vntex
/t5enc.def
File: t5enc.def 2006/11/21 v1.4 Vietnamese T5 encoding
Now handling font encoding T5 ...
... processing UTF-8 mapping file for font encoding T5

(/Users/admin/Library/Application Support/MiKTeX/texmfs/install/tex/latex/vntex
/t5enc.dfu
File: t5enc.dfu 2006/08/19 v1.1 UTF8 support for Vietnamese
   defining Unicode char U+00AB (decimal 171)
   defining Unicode char U+00BB (decimal 187)
   defining Unicode char U+00C0 (decimal 192)
   defining Unicode char U+00C1 (decimal 193)
   defining Unicode char U+00C2 (decimal 194)
   defining Unicode char U+00C3 (decimal 195)
   defining Unicode char U+00C8 (decimal 200)
   defining Unicode char U+00C9 (decimal 201)
   defining Unicode char U+00CA (decimal 202)
   defining Unicode char U+00CC (decimal 204)
   defining Unicode char U+00CD (decimal 205)
   defining Unicode char U+00D2 (decimal 210)
   defining Unicode char U+00D3 (decimal 211)
   defining Unicode char U+00D4 (decimal 212)
   defining Unicode char U+00D5 (decimal 213)
   defining Unicode char U+00D9 (decimal 217)
   defining Unicode char U+00DA (decimal 218)
   defining Unicode char U+00DD (decimal 221)
   defining Unicode char U+00E0 (decimal 224)
   defining Unicode char U+00E1 (decimal 225)
   defining Unicode char U+00E2 (decimal 226)
   defining Unicode char U+00E3 (decimal 227)
   defining Unicode char U+00E8 (decimal 232)
   defining Unicode char U+00E9 (decimal 233)
   defining Unicode char U+00EA (decimal 234)
   defining Unicode char U+00EC (decimal 236)
   defining Unicode char U+00ED (decimal 237)
   defining Unicode char U+00F2 (decimal 242)
   defining Unicode char U+00F3 (decimal 243)
   defining Unicode char U+00F4 (decimal 244)
   defining Unicode char U+00F5 (decimal 245)
   defining Unicode char U+00F9 (decimal 249)
   defining Unicode char U+00FA (decimal 250)
   defining Unicode char U+00FD (decimal 253)
   defining Unicode char U+0102 (decimal 258)
   defining Unicode char U+0103 (decimal 259)
   defining Unicode char U+0110 (decimal 272)
   defining Unicode char U+0111 (decimal 273)
   defining Unicode char U+0128 (decimal 296)
   defining Unicode char U+0129 (decimal 297)
   defining Unicode char U+0131 (decimal 305)
   defining Unicode char U+0168 (decimal 360)
   defining Unicode char U+0169 (decimal 361)
   defining Unicode char U+01A0 (decimal 416)
   defining Unicode char U+01A1 (decimal 417)
   defining Unicode char U+01AF (decimal 431)
   defining Unicode char U+01B0 (decimal 432)
   defining Unicode char U+1EA0 (decimal 7840)
   defining Unicode char U+1EA1 (decimal 7841)
   defining Unicode char U+1EA2 (decimal 7842)
   defining Unicode char U+1EA3 (decimal 7843)
   defining Unicode char U+1EA4 (decimal 7844)
   defining Unicode char U+1EA5 (decimal 7845)
   defining Unicode char U+1EA6 (decimal 7846)
   defining Unicode char U+1EA7 (decimal 7847)
   defining Unicode char U+1EA8 (decimal 7848)
   defining Unicode char U+1EA9 (decimal 7849)
   defining Unicode char U+1EAA (decimal 7850)
   defining Unicode char U+1EAB (decimal 7851)
   defining Unicode char U+1EAC (decimal 7852)
   defining Unicode char U+1EAD (decimal 7853)
   defining Unicode char U+1EAE (decimal 7854)
   defining Unicode char U+1EAF (decimal 7855)
   defining Unicode char U+1EB0 (decimal 7856)
   defining Unicode char U+1EB1 (decimal 7857)
   defining Unicode char U+1EB2 (decimal 7858)
   defining Unicode char U+1EB3 (decimal 7859)
   defining Unicode char U+1EB4 (decimal 7860)
   defining Unicode char U+1EB5 (decimal 7861)
   defining Unicode char U+1EB6 (decimal 7862)
   defining Unicode char U+1EB7 (decimal 7863)
   defining Unicode char U+1EB8 (decimal 7864)
   defining Unicode char U+1EB9 (decimal 7865)
   defining Unicode char U+1EBA (decimal 7866)
   defining Unicode char U+1EBB (decimal 7867)
   defining Unicode char U+1EBC (decimal 7868)
   defining Unicode char U+1EBD (decimal 7869)
   defining Unicode char U+1EBE (decimal 7870)
   defining Unicode char U+1EBF (decimal 7871)
   defining Unicode char U+1EC0 (decimal 7872)
   defining Unicode char U+1EC1 (decimal 7873)
   defining Unicode char U+1EC2 (decimal 7874)
   defining Unicode char U+1EC3 (decimal 7875)
   defining Unicode char U+1EC4 (decimal 7876)
   defining Unicode char U+1EC5 (decimal 7877)
   defining Unicode char U+1EC6 (decimal 7878)
   defining Unicode char U+1EC7 (decimal 7879)
   defining Unicode char U+1EC8 (decimal 7880)
   defining Unicode char U+1EC9 (decimal 7881)
   defining Unicode char U+1ECA (decimal 7882)
   defining Unicode char U+1ECB (decimal 7883)
   defining Unicode char U+1ECC (decimal 7884)
   defining Unicode char U+1ECD (decimal 7885)
   defining Unicode char U+1ECE (decimal 7886)
   defining Unicode char U+1ECF (decimal 7887)
   defining Unicode char U+1ED0 (decimal 7888)
   defining Unicode char U+1ED1 (decimal 7889)
   defining Unicode char U+1ED2 (decimal 7890)
   defining Unicode char U+1ED3 (decimal 7891)
   defining Unicode char U+1ED4 (decimal 7892)
   defining Unicode char U+1ED5 (decimal 7893)
   defining Unicode char U+1ED6 (decimal 7894)
   defining Unicode char U+1ED7 (decimal 7895)
   defining Unicode char U+1ED8 (decimal 7896)
   defining Unicode char U+1ED9 (decimal 7897)
   defining Unicode char U+1EDA (decimal 7898)
   defining Unicode char U+1EDB (decimal 7899)
   defining Unicode char U+1EDC (decimal 7900)
   defining Unicode char U+1EDD (decimal 7901)
   defining Unicode char U+1EDE (decimal 7902)
   defining Unicode char U+1EDF (decimal 7903)
   defining Unicode char U+1EE0 (decimal 7904)
   defining Unicode char U+1EE1 (decimal 7905)
   defining Unicode char U+1EE2 (decimal 7906)
   defining Unicode char U+1EE3 (decimal 7907)
   defining Unicode char U+1EE4 (decimal 7908)
   defining Unicode char U+1EE5 (decimal 7909)
   defining Unicode char U+1EE6 (decimal 7910)
   defining Unicode char U+1EE7 (decimal 7911)
   defining Unicode char U+1EE8 (decimal 7912)
   defining Unicode char U+1EE9 (decimal 7913)
   defining Unicode char U+1EEA (decimal 7914)
   defining Unicode char U+1EEB (decimal 7915)
   defining Unicode char U+1EEC (decimal 7916)
   defining Unicode char U+1EED (decimal 7917)
   defining Unicode char U+1EEE (decimal 7918)
   defining Unicode char U+1EEF (decimal 7919)
   defining Unicode char U+1EF0 (decimal 7920)
   defining Unicode char U+1EF1 (decimal 7921)
   defining Unicode char U+1EF2 (decimal 7922)
   defining Unicode char U+1EF3 (decimal 7923)
   defining Unicode char U+1EF4 (decimal 7924)
   defining Unicode char U+1EF5 (decimal 7925)
   defining Unicode char U+1EF6 (decimal 7926)
   defining Unicode char U+1EF7 (decimal 7927)
   defining Unicode char U+1EF8 (decimal 7928)
   defining Unicode char U+1EF9 (decimal 7929)
   defining Unicode char U+200C (decimal 8204)
   defining Unicode char U+2013 (decimal 8211)
   defining Unicode char U+2014 (decimal 8212)
   defining Unicode char U+2018 (decimal 8216)
   defining Unicode char U+2019 (decimal 8217)
   defining Unicode char U+201A (decimal 8218)
   defining Unicode char U+201C (decimal 8220)
   defining Unicode char U+201D (decimal 8221)
   defining Unicode char U+201E (decimal 8222)
   defining Unicode char U+2030 (decimal 8240)
   defining Unicode char U+2031 (decimal 8241)
   defining Unicode char U+2039 (decimal 8249)
   defining Unicode char U+203A (decimal 8250)
   defining Unicode char U+2423 (decimal 9251)
))
LaTeX Font Info:    Trying to load font information for T5+cmr on input line 11
2.

(/Users/admin/Library/Application Support/MiKTeX/texmfs/install/tex/latex/vntex
/t5cmr.fd
File: t5cmr.fd 1999/05/25 v2.5h Standard LaTeX font definitions
))
(/Users/admin/Library/Application Support/MiKTeX/texmfs/install/tex/latex/base/
inputenc.sty
Package: inputenc 2021/02/14 v1.3d Input encoding file
\inpenc@prehook=\toks16
\inpenc@posthook=\toks17
)
(/Users/admin/Library/Application Support/MiKTeX/texmfs/install/tex/latex/vntex
/vncaps.tex
File: vncaps.tex 2006/06/07 v1.1 Captions in Vietnamese
))
(/Users/admin/Library/Application Support/MiKTeX/texmfs/install/tex/latex/anyfo
ntsize/anyfontsize.sty
Package: anyfontsize 2007/11/22 anyfontsize.sty by pts
)
(/Users/admin/Library/Application Support/MiKTeX/texmfs/install/tex/latex/amsma
th/amsmath.sty
Package: amsmath 2022/04/08 v2.17n AMS math features
\@mathmargin=\skip50

For additional information on amsmath, use the `?' option.

(/Users/admin/Library/Application Support/MiKTeX/texmfs/install/tex/latex/amsma
th/amstext.sty
Package: amstext 2021/08/26 v2.01 AMS text

(/Users/admin/Library/Application Support/MiKTeX/texmfs/install/tex/latex/amsma
th/amsgen.sty
File: amsgen.sty 1999/11/30 v2.0 generic functions
\@emptytoks=\toks18
\ex@=\dimen141
))
(/Users/admin/Library/Application Support/MiKTeX/texmfs/install/tex/latex/amsma
th/amsbsy.sty
Package: amsbsy 1999/11/29 v1.2d Bold Symbols
\pmbraise@=\dimen142
)
(/Users/admin/Library/Application Support/MiKTeX/texmfs/install/tex/latex/amsma
th/amsopn.sty
Package: amsopn 2022/04/08 v2.04 operator names
)
\inf@bad=\count193
LaTeX Info: Redefining \frac on input line 234.
\uproot@=\count194
\leftroot@=\count195
LaTeX Info: Redefining \overline on input line 399.
LaTeX Info: Redefining \colon on input line 410.
\classnum@=\count196
\DOTSCASE@=\count197
LaTeX Info: Redefining \ldots on input line 496.
LaTeX Info: Redefining \dots on input line 499.
LaTeX Info: Redefining \cdots on input line 620.
\Mathstrutbox@=\box51
\strutbox@=\box52
LaTeX Info: Redefining \big on input line 722.
LaTeX Info: Redefining \Big on input line 723.
LaTeX Info: Redefining \bigg on input line 724.
LaTeX Info: Redefining \Bigg on input line 725.
\big@size=\dimen143
LaTeX Font Info:    Redeclaring font encoding OML on input line 743.
LaTeX Font Info:    Redeclaring font encoding OMS on input line 744.
\macc@depth=\count198
LaTeX Info: Redefining \bmod on input line 905.
LaTeX Info: Redefining \pmod on input line 910.
LaTeX Info: Redefining \smash on input line 940.
LaTeX Info: Redefining \relbar on input line 970.
LaTeX Info: Redefining \Relbar on input line 971.
\c@MaxMatrixCols=\count199
\dotsspace@=\muskip16
\c@parentequation=\count266
\dspbrk@lvl=\count267
\tag@help=\toks19
\row@=\count268
\column@=\count269
\maxfields@=\count270
\andhelp@=\toks20
\eqnshift@=\dimen144
\alignsep@=\dimen145
\tagshift@=\dimen146
\tagwidth@=\dimen147
\totwidth@=\dimen148
\lineht@=\dimen149
\@envbody=\toks21
\multlinegap=\skip51
\multlinetaggap=\skip52
\mathdisplay@stack=\toks22
LaTeX Info: Redefining \[ on input line 2953.
LaTeX Info: Redefining \] on input line 2954.
)
(/Users/admin/Library/Application Support/MiKTeX/texmfs/install/tex/latex/amsfo
nts/amssymb.sty
Package: amssymb 2013/01/14 v3.01 AMS font symbols

(/Users/admin/Library/Application Support/MiKTeX/texmfs/install/tex/latex/amsfo
nts/amsfonts.sty
Package: amsfonts 2013/01/14 v3.01 Basic AMSFonts support
\symAMSa=\mathgroup4
\symAMSb=\mathgroup5
LaTeX Font Info:    Redeclaring math symbol \hbar on input line 98.
LaTeX Font Info:    Overwriting math alphabet `\mathfrak' in version `bold'
(Font)                  U/euf/m/n --> U/euf/b/n on input line 106.
))
(/Users/admin/Library/Application Support/MiKTeX/texmfs/install/tex/latex/base/
fontenc.sty
Package: fontenc 2021/04/29 v2.0v Standard LaTeX package
)
(/Users/admin/Library/Application Support/MiKTeX/texmfs/install/tex/latex/geome
try/geometry.sty
Package: geometry 2020/01/02 v5.9 Page Geometry

(/Users/admin/Library/Application Support/MiKTeX/texmfs/install/tex/latex/graph
ics/keyval.sty
Package: keyval 2022/05/29 v1.15 key=value parser (DPC)
\KV@toks@=\toks23
)
(/Users/admin/Library/Application Support/MiKTeX/texmfs/install/tex/generic/ift
ex/ifvtex.sty
Package: ifvtex 2019/10/25 v1.7 ifvtex legacy package. Use iftex instead.

(/Users/admin/Library/Application Support/MiKTeX/texmfs/install/tex/generic/ift
ex/iftex.sty
Package: iftex 2022/02/03 v1.0f TeX engine tests
))
\Gm@cnth=\count271
\Gm@cntv=\count272
\c@Gm@tempcnt=\count273
\Gm@bindingoffset=\dimen150
\Gm@wd@mp=\dimen151
\Gm@odd@mp=\dimen152
\Gm@even@mp=\dimen153
\Gm@layoutwidth=\dimen154
\Gm@layoutheight=\dimen155
\Gm@layouthoffset=\dimen156
\Gm@layoutvoffset=\dimen157
\Gm@dimlist=\toks24

(/Users/admin/Library/Application Support/MiKTeX/texmfs/install/tex/latex/geome
try/geometry.cfg))
(/Users/admin/Library/Application Support/MiKTeX/texmfs/install/tex/latex/graph
ics/graphicx.sty
Package: graphicx 2021/09/16 v1.2d Enhanced LaTeX Graphics (DPC,SPQR)

(/Users/admin/Library/Application Support/MiKTeX/texmfs/install/tex/latex/graph
ics/graphics.sty
Package: graphics 2022/03/10 v1.4e Standard LaTeX Graphics (DPC,SPQR)

(/Users/admin/Library/Application Support/MiKTeX/texmfs/install/tex/latex/graph
ics/trig.sty
Package: trig 2021/08/11 v1.11 sin cos tan (DPC)
)
(/Users/admin/Library/Application Support/MiKTeX/texmfs/install/tex/latex/graph
ics-cfg/graphics.cfg
File: graphics.cfg 2016/06/04 v1.11 sample graphics configuration
)
Package graphics Info: Driver file: pdftex.def on input line 107.

(/Users/admin/Library/Application Support/MiKTeX/texmfs/install/tex/latex/graph
ics-def/pdftex.def
File: pdftex.def 2022/09/22 v1.2b Graphics/color driver for pdftex
))
\Gin@req@height=\dimen158
\Gin@req@width=\dimen159
)
(/Users/admin/Library/Application Support/MiKTeX/texmfs/install/tex/latex/tools
/indentfirst.sty
Package: indentfirst 1995/11/23 v1.03 Indent first paragraph (DPC)
)
(/Users/admin/Library/Application Support/MiKTeX/texmfs/install/tex/latex/setsp
ace/setspace.sty
Package: setspace 2022/12/04 v6.7b set line spacing
)
(/Users/admin/Library/Application Support/MiKTeX/texmfs/install/tex/latex/bookt
abs/booktabs.sty
Package: booktabs 2020/01/12 v1.61803398 Publication quality tables
\heavyrulewidth=\dimen160
\lightrulewidth=\dimen161
\cmidrulewidth=\dimen162
\belowrulesep=\dimen163
\belowbottomsep=\dimen164
\aboverulesep=\dimen165
\abovetopsep=\dimen166
\cmidrulesep=\dimen167
\cmidrulekern=\dimen168
\defaultaddspace=\dimen169
\@cmidla=\count274
\@cmidlb=\count275
\@aboverulesep=\dimen170
\@belowrulesep=\dimen171
\@thisruleclass=\count276
\@lastruleclass=\count277
\@thisrulewidth=\dimen172
)
(/Users/admin/Library/Application Support/MiKTeX/texmfs/install/tex/latex/fancy
hdr/fancyhdr.sty
Package: fancyhdr 2022/11/09 v4.1 Extensive control of page headers and footers

\f@nch@headwidth=\skip53
\f@nch@O@elh=\skip54
\f@nch@O@erh=\skip55
\f@nch@O@olh=\skip56
\f@nch@O@orh=\skip57
\f@nch@O@elf=\skip58
\f@nch@O@erf=\skip59
\f@nch@O@olf=\skip60
\f@nch@O@orf=\skip61
)
(/Users/admin/Library/Application Support/MiKTeX/texmfs/install/tex/latex/lastp
age/lastpage.sty
Package: lastpage 2023/03/07 v2.0a lastpage: 2.09 or 2e? (HMM)

(/Users/admin/Library/Application Support/MiKTeX/texmfs/install/tex/latex/lastp
age/lastpage2e.sty
Package: lastpage2e 2023/03/07 v2.0a Decide which 2e lastpage version to use (H
MM)

(/Users/admin/Library/Application Support/MiKTeX/texmfs/install/tex/latex/lastp
age/lastpagemodern.sty
Package: lastpagemodern 2023-03-07 v2.0a Refers to last page's name (HMM; JPG)
) 
))
(/Users/admin/Library/Application Support/MiKTeX/texmfs/install/tex/latex/hyper
ref/hyperref.sty
Package: hyperref 2023-02-07 v7.00v Hypertext links for LaTeX

(/Users/admin/Library/Application Support/MiKTeX/texmfs/install/tex/generic/ltx
cmds/ltxcmds.sty
Package: ltxcmds 2020-05-10 v1.25 LaTeX kernel commands for general use (HO)
)
(/Users/admin/Library/Application Support/MiKTeX/texmfs/install/tex/generic/pdf
texcmds/pdftexcmds.sty
Package: pdftexcmds 2020-06-27 v0.33 Utility functions of pdfTeX for LuaTeX (HO
)

(/Users/admin/Library/Application Support/MiKTeX/texmfs/install/tex/generic/inf
warerr/infwarerr.sty
Package: infwarerr 2019/12/03 v1.5 Providing info/warning/error messages (HO)
)
Package pdftexcmds Info: \pdf@primitive is available.
Package pdftexcmds Info: \pdf@ifprimitive is available.
Package pdftexcmds Info: \pdfdraftmode found.
)
(/Users/admin/Library/Application Support/MiKTeX/texmfs/install/tex/latex/kvset
keys/kvsetkeys.sty
Package: kvsetkeys 2022-10-05 v1.19 Key value parser (HO)
)
(/Users/admin/Library/Application Support/MiKTeX/texmfs/install/tex/generic/kvd
efinekeys/kvdefinekeys.sty
Package: kvdefinekeys 2019-12-19 v1.6 Define keys (HO)
)
(/Users/admin/Library/Application Support/MiKTeX/texmfs/install/tex/generic/pdf
escape/pdfescape.sty
Package: pdfescape 2019/12/09 v1.15 Implements pdfTeX's escape features (HO)
)
(/Users/admin/Library/Application Support/MiKTeX/texmfs/install/tex/latex/hycol
or/hycolor.sty
Package: hycolor 2020-01-27 v1.10 Color options for hyperref/bookmark (HO)
)
(/Users/admin/Library/Application Support/MiKTeX/texmfs/install/tex/latex/letlt
xmacro/letltxmacro.sty
Package: letltxmacro 2019/12/03 v1.6 Let assignment for LaTeX macros (HO)
)
(/Users/admin/Library/Application Support/MiKTeX/texmfs/install/tex/latex/auxho
ok/auxhook.sty
Package: auxhook 2019-12-17 v1.6 Hooks for auxiliary files (HO)
)
(/Users/admin/Library/Application Support/MiKTeX/texmfs/install/tex/latex/hyper
ref/nameref.sty
Package: nameref 2022-05-17 v2.50 Cross-referencing by name of section

(/Users/admin/Library/Application Support/MiKTeX/texmfs/install/tex/latex/refco
unt/refcount.sty
Package: refcount 2019/12/15 v3.6 Data extraction from label references (HO)
)
(/Users/admin/Library/Application Support/MiKTeX/texmfs/install/tex/generic/get
titlestring/gettitlestring.sty
Package: gettitlestring 2019/12/15 v1.6 Cleanup title references (HO)

(/Users/admin/Library/Application Support/MiKTeX/texmfs/install/tex/latex/kvopt
ions/kvoptions.sty
Package: kvoptions 2022-06-15 v3.15 Key value format for package options (HO)
))
\c@section@level=\count278
)
\@linkdim=\dimen173
\Hy@linkcounter=\count279
\Hy@pagecounter=\count280

(/Users/admin/Library/Application Support/MiKTeX/texmfs/install/tex/latex/hyper
ref/pd1enc.def
File: pd1enc.def 2023-02-07 v7.00v Hyperref: PDFDocEncoding definition (HO)
Now handling font encoding PD1 ...
... no UTF-8 mapping file for font encoding PD1
)
(/Users/admin/Library/Application Support/MiKTeX/texmfs/install/tex/generic/int
calc/intcalc.sty
Package: intcalc 2019/12/15 v1.3 Expandable calculations with integers (HO)
)
(/Users/admin/Library/Application Support/MiKTeX/texmfs/install/tex/generic/ete
xcmds/etexcmds.sty
Package: etexcmds 2019/12/15 v1.7 Avoid name clashes with e-TeX commands (HO)
)
\Hy@SavedSpaceFactor=\count281

(/Users/admin/Library/Application Support/MiKTeX/texmfs/install/tex/latex/hyper
ref/puenc.def
File: puenc.def 2023-02-07 v7.00v Hyperref: PDF Unicode definition (HO)
Now handling font encoding PU ...
... no UTF-8 mapping file for font encoding PU
)
Package hyperref Info: Option `colorlinks' set `true' on input line 4060.
Package hyperref Info: Hyper figures OFF on input line 4177.
Package hyperref Info: Link nesting OFF on input line 4182.
Package hyperref Info: Hyper index ON on input line 4185.
Package hyperref Info: Plain pages OFF on input line 4192.
Package hyperref Info: Backreferencing OFF on input line 4197.
Package hyperref Info: Implicit mode ON; LaTeX internals redefined.
Package hyperref Info: Bookmarks ON on input line 4425.
\c@Hy@tempcnt=\count282

(/Users/admin/Library/Application Support/MiKTeX/texmfs/install/tex/latex/url/u
rl.sty
\Urlmuskip=\muskip17
Package: url 2013/09/16  ver 3.4  Verb mode for urls, etc.
)
LaTeX Info: Redefining \url on input line 4763.
\XeTeXLinkMargin=\dimen174

(/Users/admin/Library/Application Support/MiKTeX/texmfs/install/tex/generic/bit
set/bitset.sty
Package: bitset 2019/12/09 v1.3 Handle bit-vector datatype (HO)

(/Users/admin/Library/Application Support/MiKTeX/texmfs/install/tex/generic/big
intcalc/bigintcalc.sty
Package: bigintcalc 2019/12/15 v1.5 Expandable calculations on big integers (HO
)
))
\Fld@menulength=\count283
\Field@Width=\dimen175
\Fld@charsize=\dimen176
Package hyperref Info: Hyper figures OFF on input line 6042.
Package hyperref Info: Link nesting OFF on input line 6047.
Package hyperref Info: Hyper index ON on input line 6050.
Package hyperref Info: backreferencing OFF on input line 6057.
Package hyperref Info: Link coloring ON on input line 6060.
Package hyperref Info: Link coloring with OCG OFF on input line 6067.
Package hyperref Info: PDF/A mode OFF on input line 6072.

(/Users/admin/Library/Application Support/MiKTeX/texmfs/install/tex/latex/base/
atbegshi-ltx.sty
Package: atbegshi-ltx 2021/01/10 v1.0c Emulation of the original atbegshi
package with kernel methods
)
\Hy@abspage=\count284
\c@Item=\count285
\c@Hfootnote=\count286
)
Package hyperref Info: Driver (autodetected): hpdftex.

(/Users/admin/Library/Application Support/MiKTeX/texmfs/install/tex/latex/hyper
ref/hpdftex.def
File: hpdftex.def 2023-02-07 v7.00v Hyperref driver for pdfTeX

(/Users/admin/Library/Application Support/MiKTeX/texmfs/install/tex/latex/base/
atveryend-ltx.sty
Package: atveryend-ltx 2020/08/19 v1.0a Emulation of the original atveryend pac
kage
with kernel methods
)
\Fld@listcount=\count287
\c@bookmark@seq@number=\count288

(/Users/admin/Library/Application Support/MiKTeX/texmfs/install/tex/latex/rerun
filecheck/rerunfilecheck.sty
Package: rerunfilecheck 2022-07-10 v1.10 Rerun checks for auxiliary files (HO)

(/Users/admin/Library/Application Support/MiKTeX/texmfs/install/tex/generic/uni
quecounter/uniquecounter.sty
Package: uniquecounter 2019/12/15 v1.4 Provide unlimited unique counter (HO)
)
Package uniquecounter Info: New unique counter `rerunfilecheck' on input line 2
85.
)
\Hy@SectionHShift=\skip62
)
(/Users/admin/Library/Application Support/MiKTeX/texmfs/install/tex/latex/natbi
b/natbib.sty
Package: natbib 2010/09/13 8.31b (PWD, AO)
\bibhang=\skip63
\bibsep=\skip64
LaTeX Info: Redefining \cite on input line 694.
\c@NAT@ctr=\count289
)
(/Users/admin/Library/Application Support/MiKTeX/texmfs/install/tex/latex/cleve
ref/cleveref.sty
Package: cleveref 2018/03/27 v0.21.4 Intelligent cross-referencing
Package cleveref Info: `hyperref' support loaded on input line 2370.
LaTeX Info: Redefining \cref on input line 2370.
LaTeX Info: Redefining \Cref on input line 2370.
LaTeX Info: Redefining \crefrange on input line 2370.
LaTeX Info: Redefining \Crefrange on input line 2370.
LaTeX Info: Redefining \cpageref on input line 2370.
LaTeX Info: Redefining \Cpageref on input line 2370.
LaTeX Info: Redefining \cpagerefrange on input line 2370.
LaTeX Info: Redefining \Cpagerefrange on input line 2370.
LaTeX Info: Redefining \labelcref on input line 2370.
LaTeX Info: Redefining \labelcpageref on input line 2370.
Package cleveref Info: include cross-reference names in hyperlinks on input lin
e 7836.
Package cleveref Info: include cross-reference names in hyperlinks on input lin
e 7852.
)
(/Users/admin/Library/Application Support/MiKTeX/texmfs/install/tex/generic/bab
el/babel.sty
Package: babel 2023/02/13 3.86 The Babel package
\babel@savecnt=\count290
\U@D=\dimen177
\l@unhyphenated=\language1

(/Users/admin/Library/Application Support/MiKTeX/texmfs/install/tex/generic/bab
el/txtbabel.def)
\bbl@readstream=\read2
\bbl@dirlevel=\count291

*************************************
* Local config file bblopts.cfg used
*

(/Users/admin/Library/Application Support/MiKTeX/texmfs/install/tex/latex/arabi
/bblopts.cfg
File: bblopts.cfg 2005/09/08 v0.1 add Arabic and Farsi to "declared" options of
 babel
)
(/Users/admin/Library/Application Support/MiKTeX/texmfs/install/tex/latex/babel
-english/english.ldf
Language: english 2017/06/06 v3.3r English support from the babel system
))
(/Users/admin/Library/Application Support/MiKTeX/texmfs/install/tex/generic/bab
el/locale/en/babel-english.tex
Package babel Info: Importing font and identification data for english
(babel)             from babel-en.ini. Reported on input line 11.
)
Package hyperref Info: Option `colorlinks' set `true' on input line 102.
) (codespace.sty
Package: codespace 

(/Users/admin/Library/Application Support/MiKTeX/texmfs/install/tex/latex/xcolo
r/xcolor.sty
Package: xcolor 2022/06/12 v2.14 LaTeX color extensions (UK)

(/Users/admin/Library/Application Support/MiKTeX/texmfs/install/tex/latex/graph
ics-cfg/color.cfg
File: color.cfg 2016/01/02 v1.6 sample color configuration
)
Package xcolor Info: Driver file: pdftex.def on input line 227.

(/Users/admin/Library/Application Support/MiKTeX/texmfs/install/tex/latex/graph
ics/mathcolor.ltx)
Package xcolor Info: Model `cmy' substituted by `cmy0' on input line 1353.
Package xcolor Info: Model `hsb' substituted by `rgb' on input line 1357.
Package xcolor Info: Model `RGB' extended on input line 1369.
Package xcolor Info: Model `HTML' substituted by `rgb' on input line 1371.
Package xcolor Info: Model `Hsb' substituted by `hsb' on input line 1372.
Package xcolor Info: Model `tHsb' substituted by `hsb' on input line 1373.
Package xcolor Info: Model `HSB' substituted by `hsb' on input line 1374.
Package xcolor Info: Model `Gray' substituted by `gray' on input line 1375.
Package xcolor Info: Model `wave' substituted by `hsb' on input line 1376.

(/Users/admin/Library/Application Support/MiKTeX/texmfs/install/tex/latex/graph
ics/dvipsnam.def
File: dvipsnam.def 2016/06/17 v3.0m Driver-dependent file (DPC,SPQR)
))
(/Users/admin/Library/Application Support/MiKTeX/texmfs/install/tex/latex/pgf/f
rontendlayer/tikz.sty
(/Users/admin/Library/Application Support/MiKTeX/texmfs/install/tex/latex/pgf/b
asiclayer/pgf.sty
(/Users/admin/Library/Application Support/MiKTeX/texmfs/install/tex/latex/pgf/u
tilities/pgfrcs.sty
(/Users/admin/Library/Application Support/MiKTeX/texmfs/install/tex/generic/pgf
/utilities/pgfutil-common.tex
\pgfutil@everybye=\toks25
\pgfutil@tempdima=\dimen178
\pgfutil@tempdimb=\dimen179
)
(/Users/admin/Library/Application Support/MiKTeX/texmfs/install/tex/generic/pgf
/utilities/pgfutil-latex.def
\pgfutil@abb=\box53
)
(/Users/admin/Library/Application Support/MiKTeX/texmfs/install/tex/generic/pgf
/utilities/pgfrcs.code.tex
(/Users/admin/Library/Application Support/MiKTeX/texmfs/install/tex/generic/pgf
/pgf.revision.tex)
Package: pgfrcs 2023-01-15 v3.1.10 (3.1.10)
))
Package: pgf 2023-01-15 v3.1.10 (3.1.10)

(/Users/admin/Library/Application Support/MiKTeX/texmfs/install/tex/latex/pgf/b
asiclayer/pgfcore.sty
(/Users/admin/Library/Application Support/MiKTeX/texmfs/install/tex/latex/pgf/s
ystemlayer/pgfsys.sty
(/Users/admin/Library/Application Support/MiKTeX/texmfs/install/tex/generic/pgf
/systemlayer/pgfsys.code.tex
Package: pgfsys 2023-01-15 v3.1.10 (3.1.10)

(/Users/admin/Library/Application Support/MiKTeX/texmfs/install/tex/generic/pgf
/utilities/pgfkeys.code.tex
\pgfkeys@pathtoks=\toks26
\pgfkeys@temptoks=\toks27

(/Users/admin/Library/Application Support/MiKTeX/texmfs/install/tex/generic/pgf
/utilities/pgfkeyslibraryfiltered.code.tex
\pgfkeys@tmptoks=\toks28
))
\pgf@x=\dimen180
\pgf@y=\dimen181
\pgf@xa=\dimen182
\pgf@ya=\dimen183
\pgf@xb=\dimen184
\pgf@yb=\dimen185
\pgf@xc=\dimen186
\pgf@yc=\dimen187
\pgf@xd=\dimen188
\pgf@yd=\dimen189
\w@pgf@writea=\write3
\r@pgf@reada=\read3
\c@pgf@counta=\count292
\c@pgf@countb=\count293
\c@pgf@countc=\count294
\c@pgf@countd=\count295
\t@pgf@toka=\toks29
\t@pgf@tokb=\toks30
\t@pgf@tokc=\toks31
\pgf@sys@id@count=\count296

(/Users/admin/Library/Application Support/MiKTeX/texmfs/install/tex/generic/pgf
/systemlayer/pgf.cfg
File: pgf.cfg 2023-01-15 v3.1.10 (3.1.10)
)
Driver file for pgf: pgfsys-pdftex.def

(/Users/admin/Library/Application Support/MiKTeX/texmfs/install/tex/generic/pgf
/systemlayer/pgfsys-pdftex.def
File: pgfsys-pdftex.def 2023-01-15 v3.1.10 (3.1.10)

(/Users/admin/Library/Application Support/MiKTeX/texmfs/install/tex/generic/pgf
/systemlayer/pgfsys-common-pdf.def
File: pgfsys-common-pdf.def 2023-01-15 v3.1.10 (3.1.10)
)))
(/Users/admin/Library/Application Support/MiKTeX/texmfs/install/tex/generic/pgf
/systemlayer/pgfsyssoftpath.code.tex
File: pgfsyssoftpath.code.tex 2023-01-15 v3.1.10 (3.1.10)
\pgfsyssoftpath@smallbuffer@items=\count297
\pgfsyssoftpath@bigbuffer@items=\count298
)
(/Users/admin/Library/Application Support/MiKTeX/texmfs/install/tex/generic/pgf
/systemlayer/pgfsysprotocol.code.tex
File: pgfsysprotocol.code.tex 2023-01-15 v3.1.10 (3.1.10)
))
(/Users/admin/Library/Application Support/MiKTeX/texmfs/install/tex/generic/pgf
/basiclayer/pgfcore.code.tex
Package: pgfcore 2023-01-15 v3.1.10 (3.1.10)

(/Users/admin/Library/Application Support/MiKTeX/texmfs/install/tex/generic/pgf
/math/pgfmath.code.tex
(/Users/admin/Library/Application Support/MiKTeX/texmfs/install/tex/generic/pgf
/math/pgfmathutil.code.tex)
(/Users/admin/Library/Application Support/MiKTeX/texmfs/install/tex/generic/pgf
/math/pgfmathparser.code.tex
\pgfmath@dimen=\dimen190
\pgfmath@count=\count299
\pgfmath@box=\box54
\pgfmath@toks=\toks32
\pgfmath@stack@operand=\toks33
\pgfmath@stack@operation=\toks34
)
(/Users/admin/Library/Application Support/MiKTeX/texmfs/install/tex/generic/pgf
/math/pgfmathfunctions.code.tex)
(/Users/admin/Library/Application Support/MiKTeX/texmfs/install/tex/generic/pgf
/math/pgfmathfunctions.basic.code.tex)
(/Users/admin/Library/Application Support/MiKTeX/texmfs/install/tex/generic/pgf
/math/pgfmathfunctions.trigonometric.code.tex)
(/Users/admin/Library/Application Support/MiKTeX/texmfs/install/tex/generic/pgf
/math/pgfmathfunctions.random.code.tex)
(/Users/admin/Library/Application Support/MiKTeX/texmfs/install/tex/generic/pgf
/math/pgfmathfunctions.comparison.code.tex)
(/Users/admin/Library/Application Support/MiKTeX/texmfs/install/tex/generic/pgf
/math/pgfmathfunctions.base.code.tex)
(/Users/admin/Library/Application Support/MiKTeX/texmfs/install/tex/generic/pgf
/math/pgfmathfunctions.round.code.tex)
(/Users/admin/Library/Application Support/MiKTeX/texmfs/install/tex/generic/pgf
/math/pgfmathfunctions.misc.code.tex)
(/Users/admin/Library/Application Support/MiKTeX/texmfs/install/tex/generic/pgf
/math/pgfmathfunctions.integerarithmetics.code.tex)
(/Users/admin/Library/Application Support/MiKTeX/texmfs/install/tex/generic/pgf
/math/pgfmathcalc.code.tex)
(/Users/admin/Library/Application Support/MiKTeX/texmfs/install/tex/generic/pgf
/math/pgfmathfloat.code.tex
\c@pgfmathroundto@lastzeros=\count300
))
(/Users/admin/Library/Application Support/MiKTeX/texmfs/install/tex/generic/pgf
/math/pgfint.code.tex)
(/Users/admin/Library/Application Support/MiKTeX/texmfs/install/tex/generic/pgf
/basiclayer/pgfcorepoints.code.tex
File: pgfcorepoints.code.tex 2023-01-15 v3.1.10 (3.1.10)
\pgf@picminx=\dimen191
\pgf@picmaxx=\dimen192
\pgf@picminy=\dimen193
\pgf@picmaxy=\dimen194
\pgf@pathminx=\dimen195
\pgf@pathmaxx=\dimen196
\pgf@pathminy=\dimen197
\pgf@pathmaxy=\dimen198
\pgf@xx=\dimen199
\pgf@xy=\dimen256
\pgf@yx=\dimen257
\pgf@yy=\dimen258
\pgf@zx=\dimen259
\pgf@zy=\dimen260
)
(/Users/admin/Library/Application Support/MiKTeX/texmfs/install/tex/generic/pgf
/basiclayer/pgfcorepathconstruct.code.tex
File: pgfcorepathconstruct.code.tex 2023-01-15 v3.1.10 (3.1.10)
\pgf@path@lastx=\dimen261
\pgf@path@lasty=\dimen262
)
(/Users/admin/Library/Application Support/MiKTeX/texmfs/install/tex/generic/pgf
/basiclayer/pgfcorepathusage.code.tex
File: pgfcorepathusage.code.tex 2023-01-15 v3.1.10 (3.1.10)
\pgf@shorten@end@additional=\dimen263
\pgf@shorten@start@additional=\dimen264
)
(/Users/admin/Library/Application Support/MiKTeX/texmfs/install/tex/generic/pgf
/basiclayer/pgfcorescopes.code.tex
File: pgfcorescopes.code.tex 2023-01-15 v3.1.10 (3.1.10)
\pgfpic=\box55
\pgf@hbox=\box56
\pgf@layerbox@main=\box57
\pgf@picture@serial@count=\count301
)
(/Users/admin/Library/Application Support/MiKTeX/texmfs/install/tex/generic/pgf
/basiclayer/pgfcoregraphicstate.code.tex
File: pgfcoregraphicstate.code.tex 2023-01-15 v3.1.10 (3.1.10)
\pgflinewidth=\dimen265
)
(/Users/admin/Library/Application Support/MiKTeX/texmfs/install/tex/generic/pgf
/basiclayer/pgfcoretransformations.code.tex
File: pgfcoretransformations.code.tex 2023-01-15 v3.1.10 (3.1.10)
\pgf@pt@x=\dimen266
\pgf@pt@y=\dimen267
\pgf@pt@temp=\dimen268
)
(/Users/admin/Library/Application Support/MiKTeX/texmfs/install/tex/generic/pgf
/basiclayer/pgfcorequick.code.tex
File: pgfcorequick.code.tex 2023-01-15 v3.1.10 (3.1.10)
)
(/Users/admin/Library/Application Support/MiKTeX/texmfs/install/tex/generic/pgf
/basiclayer/pgfcoreobjects.code.tex
File: pgfcoreobjects.code.tex 2023-01-15 v3.1.10 (3.1.10)
)
(/Users/admin/Library/Application Support/MiKTeX/texmfs/install/tex/generic/pgf
/basiclayer/pgfcorepathprocessing.code.tex
File: pgfcorepathprocessing.code.tex 2023-01-15 v3.1.10 (3.1.10)
)
(/Users/admin/Library/Application Support/MiKTeX/texmfs/install/tex/generic/pgf
/basiclayer/pgfcorearrows.code.tex
File: pgfcorearrows.code.tex 2023-01-15 v3.1.10 (3.1.10)
\pgfarrowsep=\dimen269
)
(/Users/admin/Library/Application Support/MiKTeX/texmfs/install/tex/generic/pgf
/basiclayer/pgfcoreshade.code.tex
File: pgfcoreshade.code.tex 2023-01-15 v3.1.10 (3.1.10)
\pgf@max=\dimen270
\pgf@sys@shading@range@num=\count302
\pgf@shadingcount=\count303
)
(/Users/admin/Library/Application Support/MiKTeX/texmfs/install/tex/generic/pgf
/basiclayer/pgfcoreimage.code.tex
File: pgfcoreimage.code.tex 2023-01-15 v3.1.10 (3.1.10)
)
(/Users/admin/Library/Application Support/MiKTeX/texmfs/install/tex/generic/pgf
/basiclayer/pgfcoreexternal.code.tex
File: pgfcoreexternal.code.tex 2023-01-15 v3.1.10 (3.1.10)
\pgfexternal@startupbox=\box58
)
(/Users/admin/Library/Application Support/MiKTeX/texmfs/install/tex/generic/pgf
/basiclayer/pgfcorelayers.code.tex
File: pgfcorelayers.code.tex 2023-01-15 v3.1.10 (3.1.10)
)
(/Users/admin/Library/Application Support/MiKTeX/texmfs/install/tex/generic/pgf
/basiclayer/pgfcoretransparency.code.tex
File: pgfcoretransparency.code.tex 2023-01-15 v3.1.10 (3.1.10)
)
(/Users/admin/Library/Application Support/MiKTeX/texmfs/install/tex/generic/pgf
/basiclayer/pgfcorepatterns.code.tex
File: pgfcorepatterns.code.tex 2023-01-15 v3.1.10 (3.1.10)
)
(/Users/admin/Library/Application Support/MiKTeX/texmfs/install/tex/generic/pgf
/basiclayer/pgfcorerdf.code.tex
File: pgfcorerdf.code.tex 2023-01-15 v3.1.10 (3.1.10)
)))
(/Users/admin/Library/Application Support/MiKTeX/texmfs/install/tex/generic/pgf
/modules/pgfmoduleshapes.code.tex
File: pgfmoduleshapes.code.tex 2023-01-15 v3.1.10 (3.1.10)
\pgfnodeparttextbox=\box59
)
(/Users/admin/Library/Application Support/MiKTeX/texmfs/install/tex/generic/pgf
/modules/pgfmoduleplot.code.tex
File: pgfmoduleplot.code.tex 2023-01-15 v3.1.10 (3.1.10)
)
(/Users/admin/Library/Application Support/MiKTeX/texmfs/install/tex/latex/pgf/c
ompatibility/pgfcomp-version-0-65.sty
Package: pgfcomp-version-0-65 2023-01-15 v3.1.10 (3.1.10)
\pgf@nodesepstart=\dimen271
\pgf@nodesepend=\dimen272
)
(/Users/admin/Library/Application Support/MiKTeX/texmfs/install/tex/latex/pgf/c
ompatibility/pgfcomp-version-1-18.sty
Package: pgfcomp-version-1-18 2023-01-15 v3.1.10 (3.1.10)
))
(/Users/admin/Library/Application Support/MiKTeX/texmfs/install/tex/latex/pgf/u
tilities/pgffor.sty
(/Users/admin/Library/Application Support/MiKTeX/texmfs/install/tex/latex/pgf/u
tilities/pgfkeys.sty
(/Users/admin/Library/Application Support/MiKTeX/texmfs/install/tex/generic/pgf
/utilities/pgfkeys.code.tex))
(/Users/admin/Library/Application Support/MiKTeX/texmfs/install/tex/latex/pgf/m
ath/pgfmath.sty
(/Users/admin/Library/Application Support/MiKTeX/texmfs/install/tex/generic/pgf
/math/pgfmath.code.tex))
(/Users/admin/Library/Application Support/MiKTeX/texmfs/install/tex/generic/pgf
/utilities/pgffor.code.tex
Package: pgffor 2023-01-15 v3.1.10 (3.1.10)
\pgffor@iter=\dimen273
\pgffor@skip=\dimen274
\pgffor@stack=\toks35
\pgffor@toks=\toks36
))
(/Users/admin/Library/Application Support/MiKTeX/texmfs/install/tex/generic/pgf
/frontendlayer/tikz/tikz.code.tex
Package: tikz 2023-01-15 v3.1.10 (3.1.10)

(/Users/admin/Library/Application Support/MiKTeX/texmfs/install/tex/generic/pgf
/libraries/pgflibraryplothandlers.code.tex
File: pgflibraryplothandlers.code.tex 2023-01-15 v3.1.10 (3.1.10)
\pgf@plot@mark@count=\count304
\pgfplotmarksize=\dimen275
)
\tikz@lastx=\dimen276
\tikz@lasty=\dimen277
\tikz@lastxsaved=\dimen278
\tikz@lastysaved=\dimen279
\tikz@lastmovetox=\dimen280
\tikz@lastmovetoy=\dimen281
\tikzleveldistance=\dimen282
\tikzsiblingdistance=\dimen283
\tikz@figbox=\box60
\tikz@figbox@bg=\box61
\tikz@tempbox=\box62
\tikz@tempbox@bg=\box63
\tikztreelevel=\count305
\tikznumberofchildren=\count306
\tikznumberofcurrentchild=\count307
\tikz@fig@count=\count308

(/Users/admin/Library/Application Support/MiKTeX/texmfs/install/tex/generic/pgf
/modules/pgfmodulematrix.code.tex
File: pgfmodulematrix.code.tex 2023-01-15 v3.1.10 (3.1.10)
\pgfmatrixcurrentrow=\count309
\pgfmatrixcurrentcolumn=\count310
\pgf@matrix@numberofcolumns=\count311
)
\tikz@expandcount=\count312

(/Users/admin/Library/Application Support/MiKTeX/texmfs/install/tex/generic/pgf
/frontendlayer/tikz/libraries/tikzlibrarytopaths.code.tex
File: tikzlibrarytopaths.code.tex 2023-01-15 v3.1.10 (3.1.10)
)))
(/Users/admin/Library/Application Support/MiKTeX/texmfs/install/tex/latex/mdfra
med/mdframed.sty
Package: mdframed 2013/07/01 1.9b: mdframed

(/Users/admin/Library/Application Support/MiKTeX/texmfs/install/tex/latex/l3pac
kages/xparse/xparse.sty
(/Users/admin/Library/Application Support/MiKTeX/texmfs/install/tex/latex/l3ker
nel/expl3.sty
Package: expl3 2023-02-22 L3 programming layer (loader) 

(/Users/admin/Library/Application Support/MiKTeX/texmfs/install/tex/latex/l3bac
kend/l3backend-pdftex.def
File: l3backend-pdftex.def 2023-01-16 L3 backend support: PDF output (pdfTeX)
\l__color_backend_stack_int=\count313
\l__pdf_internal_box=\box64
))
Package: xparse 2023-01-16 L3 Experimental document command parser
)
(/Users/admin/Library/Application Support/MiKTeX/texmfs/install/tex/latex/etool
box/etoolbox.sty
Package: etoolbox 2020/10/05 v2.5k e-TeX tools for LaTeX (JAW)
\etb@tempcnta=\count314
)
(/Users/admin/Library/Application Support/MiKTeX/texmfs/install/tex/latex/zref/
zref-abspage.sty
Package: zref-abspage 2022-04-07 v2.34 Module abspage for zref (HO)

(/Users/admin/Library/Application Support/MiKTeX/texmfs/install/tex/latex/zref/
zref-base.sty
Package: zref-base 2022-04-07 v2.34 Module base for zref (HO)
Package zref Info: New property list: main on input line 767.
Package zref Info: New property: default on input line 768.
Package zref Info: New property: page on input line 769.
)
\c@abspage=\count315
Package zref Info: New property: abspage on input line 65.
)
(/Users/admin/Library/Application Support/MiKTeX/texmfs/install/tex/latex/needs
pace/needspace.sty
Package: needspace 2010/09/12 v1.3d reserve vertical space
)
\mdf@templength=\skip65
\c@mdf@globalstyle@cnt=\count316
\mdf@skipabove@length=\skip66
\mdf@skipbelow@length=\skip67
\mdf@leftmargin@length=\skip68
\mdf@rightmargin@length=\skip69
\mdf@innerleftmargin@length=\skip70
\mdf@innerrightmargin@length=\skip71
\mdf@innertopmargin@length=\skip72
\mdf@innerbottommargin@length=\skip73
\mdf@splittopskip@length=\skip74
\mdf@splitbottomskip@length=\skip75
\mdf@outermargin@length=\skip76
\mdf@innermargin@length=\skip77
\mdf@linewidth@length=\skip78
\mdf@innerlinewidth@length=\skip79
\mdf@middlelinewidth@length=\skip80
\mdf@outerlinewidth@length=\skip81
\mdf@roundcorner@length=\skip82
\mdf@footenotedistance@length=\skip83
\mdf@userdefinedwidth@length=\skip84
\mdf@needspace@length=\skip85
\mdf@frametitleaboveskip@length=\skip86
\mdf@frametitlebelowskip@length=\skip87
\mdf@frametitlerulewidth@length=\skip88
\mdf@frametitleleftmargin@length=\skip89
\mdf@frametitlerightmargin@length=\skip90
\mdf@shadowsize@length=\skip91
\mdf@extratopheight@length=\skip92
\mdf@subtitleabovelinewidth@length=\skip93
\mdf@subtitlebelowlinewidth@length=\skip94
\mdf@subtitleaboveskip@length=\skip95
\mdf@subtitlebelowskip@length=\skip96
\mdf@subtitleinneraboveskip@length=\skip97
\mdf@subtitleinnerbelowskip@length=\skip98
\mdf@subsubtitleabovelinewidth@length=\skip99
\mdf@subsubtitlebelowlinewidth@length=\skip100
\mdf@subsubtitleaboveskip@length=\skip101
\mdf@subsubtitlebelowskip@length=\skip102
\mdf@subsubtitleinneraboveskip@length=\skip103
\mdf@subsubtitleinnerbelowskip@length=\skip104

(/Users/admin/Library/Application Support/MiKTeX/texmfs/install/tex/latex/mdfra
med/md-frame-1.mdf
File: md-frame-1.mdf 2013/07/01\ 1.9b: md-frame-1
)
\mdf@frametitlebox=\box65
\mdf@footnotebox=\box66
\mdf@splitbox@one=\box67
\mdf@splitbox@two=\box68
\mdf@splitbox@save=\box69
\mdfsplitboxwidth=\skip105
\mdfsplitboxtotalwidth=\skip106
\mdfsplitboxheight=\skip107
\mdfsplitboxdepth=\skip108
\mdfsplitboxtotalheight=\skip109
\mdfframetitleboxwidth=\skip110
\mdfframetitleboxtotalwidth=\skip111
\mdfframetitleboxheight=\skip112
\mdfframetitleboxdepth=\skip113
\mdfframetitleboxtotalheight=\skip114
\mdffootnoteboxwidth=\skip115
\mdffootnoteboxtotalwidth=\skip116
\mdffootnoteboxheight=\skip117
\mdffootnoteboxdepth=\skip118
\mdffootnoteboxtotalheight=\skip119
\mdftotallinewidth=\skip120
\mdfboundingboxwidth=\skip121
\mdfboundingboxtotalwidth=\skip122
\mdfboundingboxheight=\skip123
\mdfboundingboxdepth=\skip124
\mdfboundingboxtotalheight=\skip125
\mdf@freevspace@length=\skip126
\mdf@horizontalwidthofbox@length=\skip127
\mdf@verticalmarginwhole@length=\skip128
\mdf@horizontalspaceofbox=\skip129
\mdfsubtitleheight=\skip130
\mdfsubsubtitleheight=\skip131
\c@mdfcountframes=\count317

****** mdframed patching \endmdf@trivlist

****** -- success******

\mdf@envdepth=\count318
\c@mdf@env@i=\count319
\c@mdf@env@ii=\count320
\c@mdf@zref@counter=\count321
Package zref Info: New property: mdf@pagevalue on input line 895.
)
(/Users/admin/Library/Application Support/MiKTeX/texmfs/install/tex/latex/minte
d/minted.sty
Package: minted 2022/12/12 v2.7 Yet another Pygments shim for LaTeX

(/Users/admin/Library/Application Support/MiKTeX/texmfs/install/tex/latex/fvext
ra/fvextra.sty
Package: fvextra 2022/11/30 v1.5 fvextra - extensions and patches for fancyvrb

(/Users/admin/Library/Application Support/MiKTeX/texmfs/install/tex/latex/fancy
vrb/fancyvrb.sty
Package: fancyvrb 2023/01/19 4.5a verbatim text (tvz,hv)
\FV@CodeLineNo=\count322
\FV@InFile=\read4
\FV@TabBox=\box70
\c@FancyVerbLine=\count323
\FV@StepNumber=\count324
\FV@OutFile=\write4
)
(/Users/admin/Library/Application Support/MiKTeX/texmfs/install/tex/latex/upquo
te/upquote.sty
Package: upquote 2012/04/19 v1.3 upright-quote and grave-accent glyphs in verba
tim

(/Users/admin/Library/Application Support/MiKTeX/texmfs/install/tex/latex/base/
textcomp.sty
Package: textcomp 2020/02/02 v2.0n Standard LaTeX package
))
(/Users/admin/Library/Application Support/MiKTeX/texmfs/install/tex/latex/linen
o/lineno.sty
Package: lineno 2023/01/19 line numbers on paragraphs v5.1
\linenopenalty=\count325
\output=\toks37
\linenoprevgraf=\count326
\linenumbersep=\dimen284
\linenumberwidth=\dimen285
\c@linenumber=\count327
\c@pagewiselinenumber=\count328
\c@LN@truepage=\count329
\c@internallinenumber=\count330
\c@internallinenumbers=\count331
\quotelinenumbersep=\dimen286
\bframerule=\dimen287
\bframesep=\dimen288
\bframebox=\box71
\linenoamsmath@ams@eqpen=\count332
LaTeX Info: Redefining \\ on input line 3131.
)
\c@FV@TrueTabGroupLevel=\count333
\c@FV@TrueTabCounter=\count334
\FV@TabBox@Group=\box72
\FV@TmpLength=\skip132
\c@FV@HighlightLinesStart=\count335
\c@FV@HighlightLinesStop=\count336
\FV@LoopCount=\count337
\FV@NCharsBox=\box73
\FV@BreakIndent=\dimen289
\FV@BreakIndentNChars=\count338
\FV@BreakSymbolSepLeft=\dimen290
\FV@BreakSymbolSepLeftNChars=\count339
\FV@BreakSymbolSepRight=\dimen291
\FV@BreakSymbolSepRightNChars=\count340
\FV@BreakSymbolIndentLeft=\dimen292
\FV@BreakSymbolIndentLeftNChars=\count341
\FV@BreakSymbolIndentRight=\dimen293
\FV@BreakSymbolIndentRightNChars=\count342
\c@FancyVerbLineBreakLast=\count343
\FV@LineBox=\box74
\FV@LineIndentBox=\box75
\c@FV@BreakBufferDepth=\count344
\FV@LineWidth=\dimen294
)
(/Users/admin/Library/Application Support/MiKTeX/texmfs/install/tex/latex/tools
/calc.sty
Package: calc 2017/05/25 v4.3 Infix arithmetic (KKT,FJ)
\calc@Acount=\count345
\calc@Bcount=\count346
\calc@Adimen=\dimen295
\calc@Bdimen=\dimen296
\calc@Askip=\skip133
\calc@Bskip=\skip134
LaTeX Info: Redefining \setlength on input line 80.
LaTeX Info: Redefining \addtolength on input line 81.
\calc@Ccount=\count347
\calc@Cskip=\skip135
)
(/Users/admin/Library/Application Support/MiKTeX/texmfs/install/tex/latex/tools
/shellesc.sty
Package: shellesc 2019/11/08 v1.0c unified shell escape interface for LaTeX
Package shellesc Info: Unrestricted shell escape enabled on input line 75.
)
(/Users/admin/Library/Application Support/MiKTeX/texmfs/install/tex/latex/ifpla
tform/ifplatform.sty
Package: ifplatform 2017/10/13 v0.4a Testing for the operating system

(/Users/admin/Library/Application Support/MiKTeX/texmfs/install/tex/generic/cat
chfile/catchfile.sty
Package: catchfile 2019/12/09 v1.8 Catch the contents of a file (HO)
)
(/Users/admin/Library/Application Support/MiKTeX/texmfs/install/tex/generic/ift
ex/ifluatex.sty
Package: ifluatex 2019/10/25 v1.5 ifluatex legacy package. Use iftex instead.
)
runsystem(uname -s > "report.w18")...executed.

 (report.w18)
runsystem(rm -- "report.w18")...executed.

)
(/Users/admin/Library/Application Support/MiKTeX/texmfs/install/tex/latex/xstri
ng/xstring.sty
(/Users/admin/Library/Application Support/MiKTeX/texmfs/install/tex/generic/xst
ring/xstring.tex
\integerpart=\count348
\decimalpart=\count349
)
Package: xstring 2023/01/14 v1.85 String manipulations (CT)
)
(/Users/admin/Library/Application Support/MiKTeX/texmfs/install/tex/latex/frame
d/framed.sty
Package: framed 2011/10/22 v 0.96: framed or shaded text with page breaks
\OuterFrameSep=\skip136
\fb@frw=\dimen297
\fb@frh=\dimen298
\FrameRule=\dimen299
\FrameSep=\dimen300
)
(/Users/admin/Library/Application Support/MiKTeX/texmfs/install/tex/latex/float
/float.sty
Package: float 2001/11/08 v1.3d Float enhancements (AL)
\c@float@type=\count350
\float@exts=\toks38
\float@box=\box76
\@float@everytoks=\toks39
\@floatcapt=\box77
)
\minted@appexistsfile=\read5
\minted@bgbox=\box78
\minted@code=\write5
\c@minted@FancyVerbLineTemp=\count351
\c@minted@pygmentizecounter=\count352
\@float@every@listing=\toks40
\c@listing=\count353
)
runsystem(mkdir -p _minted-report)...executed.


(/Users/admin/Library/Application Support/MiKTeX/texmfs/install/tex/latex/tools
/verbatim.sty
Package: verbatim 2022-07-02 v1.5u LaTeX2e package for verbatim enhancements
\every@verbatim=\toks41
\verbatim@line=\toks42
\verbatim@in@stream=\read6
)
(/Users/admin/Library/Application Support/MiKTeX/texmfs/install/tex/latex/algor
ithm2e/algorithm2e.sty
Package: algorithm2e 2017/07/18 v5.2 algorithms environments
\c@AlgoLine=\count354
\algocf@hangindent=\skip137

(/Users/admin/Library/Application Support/MiKTeX/texmfs/install/tex/latex/ifodd
page/ifoddpage.sty
Package: ifoddpage 2022/10/18 v1.2 Conditionals for odd/even page detection
\c@checkoddpage=\count355
)
(/Users/admin/Library/Application Support/MiKTeX/texmfs/install/tex/latex/tools
/xspace.sty
Package: xspace 2014/10/28 v1.13 Space after command names (DPC,MH)
)
(/Users/admin/Library/Application Support/MiKTeX/texmfs/install/tex/latex/relsi
ze/relsize.sty
Package: relsize 2013/03/29 ver 4.1
)
\skiptotal=\skip138
\skiplinenumber=\skip139
\skiprule=\skip140
\skiphlne=\skip141
\skiptext=\skip142
\skiplength=\skip143
\algomargin=\skip144
\skipalgocfslide=\skip145
\algowidth=\dimen301
\inoutsize=\dimen302
\inoutindent=\dimen303
\interspacetitleruled=\dimen304
\interspacealgoruled=\dimen305
\interspacetitleboxruled=\dimen306
\algocf@ruledwidth=\skip146
\algocf@inoutbox=\box79
\algocf@inputbox=\box80
\AlCapSkip=\skip147
\AlCapHSkip=\skip148
\algoskipindent=\skip149
\algocf@nlbox=\box81
\algocf@hangingbox=\box82
\algocf@untilbox=\box83
\algocf@skipuntil=\skip150
\algocf@capbox=\box84
\algocf@lcaptionbox=\skip151
\algoheightruledefault=\skip152
\algoheightrule=\skip153
\algotitleheightruledefault=\skip154
\algotitleheightrule=\skip155
\c@algocfline=\count356
\c@algocfproc=\count357
\c@algocf=\count358
\algocf@algoframe=\box85
\algocf@algobox=\box86
))
(/Users/admin/Library/Application Support/MiKTeX/texmfs/install/tex/latex/gensy
mb/gensymb.sty
Package: gensymb 2022/10/17 v1.0.2 (KJH)
)
(/Users/admin/Library/Application Support/MiKTeX/texmfs/install/tex/latex/tools
/array.sty
Package: array 2022/09/04 v2.5g Tabular extension package (FMi)
\col@sep=\dimen307
\ar@mcellbox=\box87
\extrarowheight=\dimen308
\NC@list=\toks43
\extratabsurround=\skip156
\backup@length=\skip157
\ar@cellbox=\box88
)
(/Users/admin/Library/Application Support/MiKTeX/texmfs/install/tex/latex/tools
/multicol.sty
Package: multicol 2021/11/30 v1.9d multicolumn formatting (FMi)
\c@tracingmulticols=\count359
\mult@box=\box89
\multicol@leftmargin=\dimen309
\c@unbalance=\count360
\c@collectmore=\count361
\doublecol@number=\count362
\multicoltolerance=\count363
\multicolpretolerance=\count364
\full@width=\dimen310
\page@free=\dimen311
\premulticols=\dimen312
\postmulticols=\dimen313
\multicolsep=\skip158
\multicolbaselineskip=\skip159
\partial@page=\box90
\last@line=\box91
\maxbalancingoverflow=\dimen314
\mult@rightbox=\box92
\mult@grightbox=\box93
\mult@firstbox=\box94
\mult@gfirstbox=\box95
\@tempa=\box96
\@tempa=\box97
\@tempa=\box98
\@tempa=\box99
\@tempa=\box100
\@tempa=\box101
\@tempa=\box102
\@tempa=\box103
\@tempa=\box104
\@tempa=\box105
\@tempa=\box106
\@tempa=\box107
\@tempa=\box108
\@tempa=\box109
\@tempa=\box110
\@tempa=\box111
\@tempa=\box112
\@tempa=\box113
\@tempa=\box114
\@tempa=\box115
\@tempa=\box116
\@tempa=\box117
\@tempa=\box118
\@tempa=\box119
\@tempa=\box120
\@tempa=\box121
\@tempa=\box122
\@tempa=\box123
\@tempa=\box124
\@tempa=\box125
\@tempa=\box126
\@tempa=\box127
\@tempa=\box128
\@tempa=\box129
\@tempa=\box130
\@tempa=\box131
\c@minrows=\count365
\c@columnbadness=\count366
\c@finalcolumnbadness=\count367
\last@try=\dimen315
\multicolovershoot=\dimen316
\multicolundershoot=\dimen317
\mult@nat@firstbox=\box132
\colbreak@box=\box133
\mc@col@check@num=\count368
)
(/Users/admin/Library/Application Support/MiKTeX/texmfs/install/tex/latex/multi
row/multirow.sty
Package: multirow 2021/03/15 v2.8 Span multiple rows of a table
\multirow@colwidth=\skip160
\multirow@cntb=\count369
\multirow@dima=\skip161
\bigstrutjot=\dimen318
)
(/Users/admin/Library/Application Support/MiKTeX/texmfs/install/tex/latex/siuni
tx/siunitx.sty
Package: siunitx 2023-03-14 v3.2.3 A comprehensive (SI) units package
\l__siunitx_angle_tmp_dim=\dimen319
\l__siunitx_angle_marker_box=\box134
\l__siunitx_angle_unit_box=\box135
\l__siunitx_compound_count_int=\count370

(/Users/admin/Library/Application Support/MiKTeX/texmfs/install/tex/latex/trans
lations/translations.sty
Package: translations 2022/02/05 v1.12 internationalization of LaTeX2e packages
 (CN)
)
\l__siunitx_number_exponent_fixed_int=\count371
\l__siunitx_number_min_decimal_int=\count372
\l__siunitx_number_min_integer_int=\count373
\l__siunitx_number_round_precision_int=\count374
\l__siunitx_number_lower_threshold_int=\count375
\l__siunitx_number_upper_threshold_int=\count376
\l__siunitx_number_group_first_int=\count377
\l__siunitx_number_group_size_int=\count378
\l__siunitx_number_group_minimum_int=\count379
\l__siunitx_table_tmp_box=\box136
\l__siunitx_table_tmp_dim=\dimen320
\l__siunitx_table_column_width_dim=\dimen321
\l__siunitx_table_integer_box=\box137
\l__siunitx_table_decimal_box=\box138
\l__siunitx_table_uncert_box=\box139
\l__siunitx_table_before_box=\box140
\l__siunitx_table_after_box=\box141
\l__siunitx_table_before_dim=\dimen322
\l__siunitx_table_carry_dim=\dimen323
\l__siunitx_unit_tmp_int=\count380
\l__siunitx_unit_position_int=\count381
\l__siunitx_unit_total_int=\count382
)
(/Users/admin/Library/Application Support/MiKTeX/texmfs/install/tex/latex/tools
/tabularx.sty
Package: tabularx 2020/01/15 v2.11c `tabularx' package (DPC)
\TX@col@width=\dimen324
\TX@old@table=\dimen325
\TX@old@col=\dimen326
\TX@target=\dimen327
\TX@delta=\dimen328
\TX@cols=\count383
\TX@ftn=\toks44
)
(/Users/admin/Library/Application Support/MiKTeX/texmfs/install/tex/latex/blind
text/blindtext.sty
Package: blindtext 2012/01/06 V2.0 blindtext-Package
\c@blindtext=\count384
\c@Blindtext=\count385
\c@blind@countparstart=\count386
\blind@countxx=\count387
\blindtext@numBlindtext=\count388
\blind@countyy=\count389
\c@blindlist=\count390
\c@blindlistlevel=\count391
\c@blindlist@level=\count392
\blind@listitem=\count393
\c@blind@listcount=\count394
\c@blind@levelcount=\count395
\blind@mathformula=\count396
\blind@Mathformula=\count397
\c@blind@randomcount=\count398
\c@blind@randommax=\count399
\c@blind@pangramcount=\count400
\c@blind@pangrammax=\count401
)
(/Users/admin/Library/Application Support/MiKTeX/texmfs/install/tex/latex/enumi
tem/enumitem.sty
Package: enumitem 2019/06/20 v3.9 Customized lists
\labelindent=\skip162
\enit@outerparindent=\dimen329
\enit@toks=\toks45
\enit@inbox=\box142
\enit@count@id=\count402
\enitdp@description=\count403
)
(/Users/admin/Library/Application Support/MiKTeX/texmfs/install/tex/latex/capti
on/caption.sty
Package: caption 2023/03/12 v3.6j Customizing captions (AR)

(/Users/admin/Library/Application Support/MiKTeX/texmfs/install/tex/latex/capti
on/caption3.sty
Package: caption3 2023/03/12 v2.4 caption3 kernel (AR)
\caption@tempdima=\dimen330
\captionmargin=\dimen331
\caption@leftmargin=\dimen332
\caption@rightmargin=\dimen333
\caption@width=\dimen334
\caption@indent=\dimen335
\caption@parindent=\dimen336
\caption@hangindent=\dimen337
Package caption Info: Standard document class detected.
)
\c@caption@flags=\count404
\c@continuedfloat=\count405
Package caption Info: float package is loaded.
Package caption Info: hyperref package is loaded.
)
(/Users/admin/Library/Application Support/MiKTeX/texmfs/install/tex/latex/capti
on/subcaption.sty
Package: subcaption 2023/02/19 v1.6 Sub-captions (AR)
Package caption Info: New subtype `subfigure' on input line 239.
\c@subfigure=\count406
Package caption Info: New subtype `subtable' on input line 239.
\c@subtable=\count407
)
(/Users/admin/Library/Application Support/MiKTeX/texmfs/install/tex/latex/adjus
tbox/adjustbox.sty
Package: adjustbox 2022/10/17 v1.3a Adjusting TeX boxes (trim, clip, ...)

(/Users/admin/Library/Application Support/MiKTeX/texmfs/install/tex/latex/xkeyv
al/xkeyval.sty
Package: xkeyval 2022/06/16 v2.9 package option processing (HA)

(/Users/admin/Library/Application Support/MiKTeX/texmfs/install/tex/generic/xke
yval/xkeyval.tex
(/Users/admin/Library/Application Support/MiKTeX/texmfs/install/tex/generic/xke
yval/xkvutils.tex
\XKV@toks=\toks46
\XKV@tempa@toks=\toks47
)
\XKV@depth=\count408
File: xkeyval.tex 2014/12/03 v2.7a key=value parser (HA)
))
(/Users/admin/Library/Application Support/MiKTeX/texmfs/install/tex/latex/adjus
tbox/adjcalc.sty
Package: adjcalc 2012/05/16 v1.1 Provides advanced setlength with multiple back
-ends (calc, etex, pgfmath)
)
(/Users/admin/Library/Application Support/MiKTeX/texmfs/install/tex/latex/adjus
tbox/trimclip.sty
Package: trimclip 2020/08/19 v1.2 Trim and clip general TeX material

(/Users/admin/Library/Application Support/MiKTeX/texmfs/install/tex/latex/colle
ctbox/collectbox.sty
Package: collectbox 2022/10/17 v0.4c Collect macro arguments as boxes
\collectedbox=\box143
)
\tc@llx=\dimen338
\tc@lly=\dimen339
\tc@urx=\dimen340
\tc@ury=\dimen341
Package trimclip Info: Using driver 'tc-pdftex.def'.

(/Users/admin/Library/Application Support/MiKTeX/texmfs/install/tex/latex/adjus
tbox/tc-pdftex.def
File: tc-pdftex.def 2019/01/04 v2.2 Clipping driver for pdftex
))
\adjbox@Width=\dimen342
\adjbox@Height=\dimen343
\adjbox@Depth=\dimen344
\adjbox@Totalheight=\dimen345
\adjbox@pwidth=\dimen346
\adjbox@pheight=\dimen347
\adjbox@pdepth=\dimen348
\adjbox@ptotalheight=\dimen349

(/Users/admin/Library/Application Support/MiKTeX/texmfs/install/tex/latex/varwi
dth/varwidth.sty
Package: varwidth 2009/03/30 ver 0.92;  Variable-width minipages
\@vwid@box=\box144
\sift@deathcycles=\count409
\@vwid@loff=\dimen350
\@vwid@roff=\dimen351
))
(/Users/admin/Library/Application Support/MiKTeX/texmfs/install/tex/latex/mwe/m
we.sty
Package: mwe 2018/03/30 v0.5 Package to support minimal working examples (MWE)

(/Users/admin/Library/Application Support/MiKTeX/texmfs/install/tex/latex/lipsu
m/lipsum.sty
(/Users/admin/Library/Application Support/MiKTeX/texmfs/install/tex/latex/l3pac
kages/l3keys2e/l3keys2e.sty
Package: l3keys2e 2023-01-16 LaTeX2e option processing using LaTeX3 keys
)
Package: lipsum 2021-09-20 v2.7 150 paragraphs of Lorem Ipsum dummy text
\g__lipsum_par_int=\count410
\l__lipsum_a_int=\count411
\l__lipsum_b_int=\count412

(/Users/admin/Library/Application Support/MiKTeX/texmfs/install/tex/latex/lipsu
m/lipsum.ltd.tex)))
\c@memberrowno=\count413
runsystem(which pygmentize && touch report.aex)...executed.

runsystem(rm report.aex)...executed.

 (report.aux (chapters/main/abstract.aux)
(chapters/main/background.aux) (chapters/main/data_descrip.aux)
(chapters/main/data_clarify.aux) (chapters/main/data_analysis.aux)
(chapters/main/conclusion.aux) (chapters/main/appendix.aux))
\openout1 = `report.aux'.

LaTeX Font Info:    Checking defaults for OML/cmm/m/it on input line 48.
LaTeX Font Info:    ... okay on input line 48.
LaTeX Font Info:    Checking defaults for OMS/cmsy/m/n on input line 48.
LaTeX Font Info:    ... okay on input line 48.
LaTeX Font Info:    Checking defaults for OT1/cmr/m/n on input line 48.
LaTeX Font Info:    ... okay on input line 48.
LaTeX Font Info:    Checking defaults for T1/cmr/m/n on input line 48.
LaTeX Font Info:    ... okay on input line 48.
LaTeX Font Info:    Checking defaults for TS1/cmr/m/n on input line 48.
LaTeX Font Info:    ... okay on input line 48.
LaTeX Font Info:    Checking defaults for OMX/cmex/m/n on input line 48.
LaTeX Font Info:    ... okay on input line 48.
LaTeX Font Info:    Checking defaults for U/cmr/m/n on input line 48.
LaTeX Font Info:    ... okay on input line 48.
LaTeX Font Info:    Checking defaults for T5/cmr/m/n on input line 48.
LaTeX Font Info:    ... okay on input line 48.
LaTeX Font Info:    Checking defaults for PD1/pdf/m/n on input line 48.
LaTeX Font Info:    ... okay on input line 48.
LaTeX Font Info:    Checking defaults for PU/pdf/m/n on input line 48.
LaTeX Font Info:    ... okay on input line 48.

*geometry* driver: auto-detecting
*geometry* detected driver: pdftex
*geometry* verbose mode - [ preamble ] result:
* driver: pdftex
* paper: a4paper
* layout: <same size as paper>
* layoutoffset:(h,v)=(0.0pt,0.0pt)
* modes: includehead includefoot 
* h-part:(L,W,R)=(56.9055pt, 483.69687pt, 56.9055pt)
* v-part:(T,H,B)=(85.35826pt, 674.33032pt, 85.35826pt)
* \paperwidth=597.50787pt
* \paperheight=845.04684pt
* \textwidth=483.69687pt
* \textheight=589.33032pt
* \oddsidemargin=-15.36449pt
* \evensidemargin=-15.36449pt
* \topmargin=13.08827pt
* \headheight=30.0pt
* \headsep=25.0pt
* \topskip=10.0pt
* \footskip=30.0pt
* \marginparwidth=57.0pt
* \marginparsep=11.0pt
* \columnsep=10.0pt
* \skip\footins=9.0pt plus 4.0pt minus 2.0pt
* \hoffset=0.0pt
* \voffset=0.0pt
* \mag=1000
* \@twocolumnfalse
* \@twosidefalse
* \@mparswitchfalse
* \@reversemarginfalse
* (1in=72.27pt=25.4mm, 1cm=28.453pt)


(/Users/admin/Library/Application Support/MiKTeX/texmfs/install/tex/context/bas
e/mkii/supp-pdf.mkii
[Loading MPS to PDF converter (version 2006.09.02).]
\scratchcounter=\count414
\scratchdimen=\dimen352
\scratchbox=\box145
\nofMPsegments=\count415
\nofMParguments=\count416
\everyMPshowfont=\toks48
\MPscratchCnt=\count417
\MPscratchDim=\dimen353
\MPnumerator=\count418
\makeMPintoPDFobject=\count419
\everyMPtoPDFconversion=\toks49
)
(/Users/admin/Library/Application Support/MiKTeX/texmfs/install/tex/latex/epsto
pdf-pkg/epstopdf-base.sty
Package: epstopdf-base 2020-01-24 v2.11 Base part for package epstopdf
Package epstopdf-base Info: Redefining graphics rule for `.eps' on input line 4
85.

(/Users/admin/Library/Application Support/MiKTeX/texmfs/install/tex/latex/00mik
tex/epstopdf-sys.cfg
File: epstopdf-sys.cfg 2021/03/18 v2.0 Configuration of epstopdf for MiKTeX
))
Package hyperref Info: Link coloring ON on input line 48.
 (report.out) (report.out)
\@outlinefile=\write6
\openout6 = `report.out'.

\symgns@font=\mathgroup6
LaTeX Font Info:    Overwriting symbol font `gns@font' in version `bold'
(Font)                  TS1/cmr/m/n --> TS1/cmr/b/n on input line 48.
Package gensymb Info: Math companion symbols declared on input line 48.
LaTeX Info: Redefining \degree on input line 48.
LaTeX Info: Redefining \celsius on input line 48.
Package gensymb Info: Using text companion symbols for \degree, \celsius and \p
erthousand on input line 48.
LaTeX Info: Redefining \ohm on input line 48.
Package gensymb Info: Using \textohm for \ohm on input line 48.
Package gensymb Info: Using \textmu for \micro on input line 48.

(/Users/admin/Library/Application Support/MiKTeX/texmfs/install/tex/latex/trans
lations/dicts/translations-basic-dictionary-english.trsl
File: translations-basic-dictionary-english.trsl (english translation file `tra
nslations-basic-dictionary')
)
Package translations Info: loading dictionary `translations-basic-dictionary' f
or `english'. on input line 48.
Package caption Info: Begin \AtBeginDocument code.
Package caption Info: End \AtBeginDocument code.
<graphics/hcmut.png, id=74, 291.0072pt x 293.898pt>
File: graphics/hcmut.png Graphic file (type png)
<use graphics/hcmut.png>
Package pdftex.def Info: graphics/hcmut.png  used on input line 49.
(pdftex.def)             Requested size: 116.4008pt x 117.5571pt.
LaTeX Font Info:    Trying to load font information for U+msa on input line 49.


(/Users/admin/Library/Application Support/MiKTeX/texmfs/install/tex/latex/amsfo
nts/umsa.fd
File: umsa.fd 2013/01/14 v3.01 AMS symbols A
)
LaTeX Font Info:    Trying to load font information for U+msb on input line 49.


(/Users/admin/Library/Application Support/MiKTeX/texmfs/install/tex/latex/amsfo
nts/umsb.fd
File: umsb.fd 2013/01/14 v3.01 AMS symbols B
) [1

{/Users/admin/Library/Application Support/MiKTeX/texmfs/data/fonts/map/pdftex/p
dftex.map} <./graphics/hcmut.png>] (report.toc)
\tf@toc=\write7
\openout7 = `report.toc'.

File: graphics/hcmut.png Graphic file (type png)
<use graphics/hcmut.png>
Package pdftex.def Info: graphics/hcmut.png  used on input line 66.
(pdftex.def)             Requested size: 22.76152pt x 22.75891pt.
LaTeX Font Info:    Trying to load font information for T5+cmtt on input line 6
6.

(/Users/admin/Library/Application Support/MiKTeX/texmfs/install/tex/latex/vntex
/t5cmtt.fd
File: t5cmtt.fd 1999/05/25 v2.5h Standard LaTeX font definitions
)
LaTeX Font Info:    Font shape `T5/cmtt/bx/n' in size <10> not available
(Font)              Font shape `T5/cmtt/m/n' tried instead on input line 66.
 [2

]
\openout2 = `chapters/main/abstract.aux'.

 (chapters/main/abstract.tex)
File: graphics/hcmut.png Graphic file (type png)
<use graphics/hcmut.png>
Package pdftex.def Info: graphics/hcmut.png  used on input line 81.
(pdftex.def)             Requested size: 22.76152pt x 22.75891pt.
 [3


]
\openout2 = `chapters/main/background.aux'.

 (chapters/main/background.tex)
File: graphics/hcmut.png Graphic file (type png)
<use graphics/hcmut.png>
Package pdftex.def Info: graphics/hcmut.png  used on input line 82.
(pdftex.def)             Requested size: 22.76152pt x 22.75891pt.
[4




]
\openout2 = `chapters/main/data_descrip.aux'.

 (chapters/main/data_descrip.tex
Underfull \hbox (badness 10000) in paragraph at lines 35--40

 []


Overfull \hbox (1.46857pt too wide) in paragraph at lines 50--51
[]\T5/cmr/m/n/10 Max_Turbo_Frequency: The maximum single core frequency at whic
h the processor is capable of operating
 []

File: graphics/hcmut.png Graphic file (type png)
<use graphics/hcmut.png>
Package pdftex.def Info: graphics/hcmut.png  used on input line 56.
(pdftex.def)             Requested size: 22.76152pt x 22.75891pt.
[5




]
Overfull \hbox (13.0213pt too wide) in paragraph at lines 59--60
[]\T5/cmr/m/n/10 Max_Memory_Bandwidth: The maximum rate at which data can be re
ad from or stored into a semiconductor
 []


Overfull \hbox (0.55103pt too wide) in paragraph at lines 61--62
[]\T5/cmr/m/n/10 Processor_Graphics: integrated graphics processing unit (GPU) 
that is built into some of Intel's processors. 
 []

File: graphics/hcmut.png Graphic file (type png)
<use graphics/hcmut.png>
Package pdftex.def Info: graphics/hcmut.png  used on input line 74.
(pdftex.def)             Requested size: 22.76152pt x 22.75891pt.
[6]
Overfull \hbox (0.99646pt too wide) in paragraph at lines 76--77
[]\T5/cmr/m/n/10 Intel_Hyper_Threading_Technology_: Delivers two processing thr
eads per physical core. Highly threaded
 []


Overfull \hbox (0.35773pt too wide) in paragraph at lines 77--78
\T5/cmr/m/n/10 platforms. It offers improved manageability by limiting downtime
 and maintaining productivity by isolating
 []

(_minted-report/emacs.pygstyle)
(_minted-report/3B083ABF5AAD7C3D0F367916C8A68BC06B3EA3947FFAA9E16110B61C604684B
1.pygtex)
File: graphics/hcmut.png Graphic file (type png)
<use graphics/hcmut.png>
Package pdftex.def Info: graphics/hcmut.png  used on input line 108.
(pdftex.def)             Requested size: 22.76152pt x 22.75891pt.
 [7]
Package mdframed Info: Not enough space on this page on input line 108.
\openout5 = `report.pyg'.


(_minted-report/6EB01FB386FAC020C71D7EC0CB01266D493BABD8BEF263AB77A7B006561CBA4
C.pygtex)
(_minted-report/06C7A45FFC3B2528D6069FF8C6A6916A5D7D99CCB6B981E78965AB743F80002
0.pygtex)
\openout5 = `report.pyg'.


(_minted-report/E321471812E5C4B54C9C58319AEC9F2B493BABD8BEF263AB77A7B006561CBA4
C.pygtex)
Overfull \hbox (12.56061pt too wide) in paragraph at lines 125--126
[]\T5/cmr/bx/n/10 Need\T5/cmr/m/n/10 : Vertical_Segment, Status, Launch_Date, L
ithography, Recommended_Customer_Price, nb_of_Cores,
 []


(_minted-report/06C7A45FFC3B2528D6069FF8C6A6916ACDC6728016B3E2A7A9BF6F845C7E42D
C.pygtex)
File: graphics/hcmut.png Graphic file (type png)
<use graphics/hcmut.png>
Package pdftex.def Info: graphics/hcmut.png  used on input line 136.
(pdftex.def)             Requested size: 22.76152pt x 22.75891pt.
 [8]

LaTeX Warning: \verb may be unreliable inside tabularx on input line 144.


(_minted-report/06C7A45FFC3B2528D6069FF8C6A6916AC1AE453E9CDB1ACD839E962D3C3BEAE
3.pygtex)
\openout5 = `report.pyg'.


(_minted-report/E321471812E5C4B54C9C58319AEC9F2B493BABD8BEF263AB77A7B006561CBA4
C.pygtex)
\openout5 = `report.pyg'.


(_minted-report/E321471812E5C4B54C9C58319AEC9F2B493BABD8BEF263AB77A7B006561CBA4
C.pygtex)
\openout5 = `report.pyg'.


(_minted-report/E321471812E5C4B54C9C58319AEC9F2B493BABD8BEF263AB77A7B006561CBA4
C.pygtex)

! LaTeX Error: File `An image of the dataset before cleaning should be here' no
t found.

See the LaTeX manual or LaTeX Companion for explanation.
Type  H <return>  for immediate help.
 ...                                              
                                                  
l.170 ...e dataset before cleaning should be here}
                                                  
? 

(_minted-report/3B083ABF5AAD7C3D0F367916C8A68BC0C10D6ADB619AB19322DE6AC077FE7BF
3.pygtex
LaTeX Font Info:    Trying to load font information for TS1+cmtt on input line 
55.

(/Users/admin/Library/Application Support/MiKTeX/texmfs/install/tex/latex/base/
ts1cmtt.fd
File: ts1cmtt.fd 2022/07/10 v2.5l Standard LaTeX font definitions
))
\openout5 = `report.pyg'.


(_minted-report/AECCE8927E998F0E7F9F72E26EF91834493BABD8BEF263AB77A7B006561CBA4
C.pygtex)
\openout5 = `report.pyg'.


(_minted-report/FDB421831AD8E46A4FB5E839EE089A46493BABD8BEF263AB77A7B006561CBA4
C.pygtex)
\openout5 = `report.pyg'.


(_minted-report/1FCBDEA6058926F07C5B41423C494720493BABD8BEF263AB77A7B006561CBA4
C.pygtex)
\openout5 = `report.pyg'.


(_minted-report/3CC15EA916B9A7FAF930DC78996DB79D493BABD8BEF263AB77A7B006561CBA4
C.pygtex)
Overfull \hbox (23.59958pt too wide) in paragraph at lines 180--184
[]\T5/cmr/m/n/10 Our goal is to transform raw, non-standard string representati
on of year-quarter into []\T5/cmtt/m/n/10 zoo\T5/cmr/m/n/10 's standard represe
ntation.
 []

File: graphics/hcmut.png Graphic file (type png)
<use graphics/hcmut.png>
Package pdftex.def Info: graphics/hcmut.png  used on input line 184.
(pdftex.def)             Requested size: 22.76152pt x 22.75891pt.
[9]
(_minted-report/3B083ABF5AAD7C3D0F367916C8A68BC0EC28AD5CAE3A8578330A86CB26053CC
F.pygtex)
\openout5 = `report.pyg'.


(_minted-report/931D847F6EA19847EA708E0EB1876E8D493BABD8BEF263AB77A7B006561CBA4
C.pygtex)
(_minted-report/3B083ABF5AAD7C3D0F367916C8A68BC07202328C6AD2034F0E758EACCD3D900
E.pygtex)
(_minted-report/3B083ABF5AAD7C3D0F367916C8A68BC042AEBC813E0CBE08FA971CD213458A4
2.pygtex)
\openout5 = `report.pyg'.


(_minted-report/931D847F6EA19847EA708E0EB1876E8D493BABD8BEF263AB77A7B006561CBA4
C.pygtex)
\openout5 = `report.pyg'.


(_minted-report/E321471812E5C4B54C9C58319AEC9F2B493BABD8BEF263AB77A7B006561CBA4
C.pygtex)
File: graphics/hcmut.png Graphic file (type png)
<use graphics/hcmut.png>
Package pdftex.def Info: graphics/hcmut.png  used on input line 212.
(pdftex.def)             Requested size: 22.76152pt x 22.75891pt.
 [10]
(_minted-report/3B083ABF5AAD7C3D0F367916C8A68BC0CBD86644F29011477175374AAD3C5C3
E.pygtex)
(_minted-report/3B083ABF5AAD7C3D0F367916C8A68BC0130C7032E2B89CE34E00BA85441A5B5
F.pygtex)
(_minted-report/3B083ABF5AAD7C3D0F367916C8A68BC0002C3B67509B8B5DE1E5101830D8140
1.pygtex)
File: graphics/hcmut.png Graphic file (type png)
<use graphics/hcmut.png>
Package pdftex.def Info: graphics/hcmut.png  used on input line 235.
(pdftex.def)             Requested size: 22.76152pt x 22.75891pt.
 [11]
\openout5 = `report.pyg'.


(_minted-report/95FC77E9AC476C4D3E81A577B2E75631493BABD8BEF263AB77A7B006561CBA4
C.pygtex)
\openout5 = `report.pyg'.


(_minted-report/43BC2E0B1790726465BCA2AC1CA64FE5493BABD8BEF263AB77A7B006561CBA4
C.pygtex)
\openout5 = `report.pyg'.


(_minted-report/08DF5D1D7459478FB73F6DE028A6A72D493BABD8BEF263AB77A7B006561CBA4
C.pygtex)
\openout5 = `report.pyg'.


(_minted-report/E321471812E5C4B54C9C58319AEC9F2B493BABD8BEF263AB77A7B006561CBA4
C.pygtex)

! LaTeX Error: File `An image of the data after cleaned should be here' not fou
nd.

See the LaTeX manual or LaTeX Companion for explanation.
Type  H <return>  for immediate help.
 ...                                              
                                                  
l.252 ...of the data after cleaned should be here}
                                                  
? 
)
File: graphics/hcmut.png Graphic file (type png)
<use graphics/hcmut.png>
Package pdftex.def Info: graphics/hcmut.png  used on input line 83.
(pdftex.def)             Requested size: 22.76152pt x 22.75891pt.
 [12]
\openout2 = `chapters/main/data_clarify.aux'.

 (chapters/main/data_clarify.tex
<./graphics/pie_market.pdf, id=179, 420.57124pt x 298.11375pt>
File: ./graphics/pie_market.pdf Graphic file (type pdf)
<use ./graphics/pie_market.pdf>
Package pdftex.def Info: ./graphics/pie_market.pdf  used on input line 26.
(pdftex.def)             Requested size: 237.01411pt x 168.00244pt.
<./graphics/pie_status.pdf, id=180, 420.57124pt x 298.11375pt>
File: ./graphics/pie_status.pdf Graphic file (type pdf)
<use ./graphics/pie_status.pdf>
Package pdftex.def Info: ./graphics/pie_status.pdf  used on input line 32.
(pdftex.def)             Requested size: 237.01411pt x 168.00244pt.
<./graphics/hist_ldate.pdf, id=181, 420.57124pt x 298.11375pt>
File: ./graphics/hist_ldate.pdf Graphic file (type pdf)
<use ./graphics/hist_ldate.pdf>
Package pdftex.def Info: ./graphics/hist_ldate.pdf  used on input line 41.
(pdftex.def)             Requested size: 241.84843pt x 171.43227pt.
<./graphics/box_litho.pdf, id=182, 420.57124pt x 298.11375pt>
File: ./graphics/box_litho.pdf Graphic file (type pdf)
<use ./graphics/box_litho.pdf>
Package pdftex.def Info: ./graphics/box_litho.pdf  used on input line 47.
(pdftex.def)             Requested size: 241.84843pt x 171.43227pt.
<./graphics/sum_litho.png, id=183, 1207.51125pt x 103.38625pt>
File: ./graphics/sum_litho.png Graphic file (type png)
<use ./graphics/sum_litho.png>
Package pdftex.def Info: ./graphics/sum_litho.png  used on input line 48.
(pdftex.def)             Requested size: 241.84843pt x 20.70685pt.


LaTeX Warning: `!h' float specifier changed to `!ht'.

<./graphics/hist_bfreq.pdf, id=184, 420.57124pt x 298.11375pt>
File: ./graphics/hist_bfreq.pdf Graphic file (type pdf)
<use ./graphics/hist_bfreq.pdf>
Package pdftex.def Info: ./graphics/hist_bfreq.pdf  used on input line 54.
(pdftex.def)             Requested size: 241.84843pt x 171.43227pt.

LaTeX Warning: `!h' float specifier changed to `!ht'.

<./graphics/box_tdp.pdf, id=185, 420.57124pt x 298.11375pt>
File: ./graphics/box_tdp.pdf Graphic file (type pdf)
<use ./graphics/box_tdp.pdf>
Package pdftex.def Info: ./graphics/box_tdp.pdf  used on input line 60.
(pdftex.def)             Requested size: 241.84843pt x 171.43227pt.
<./graphics/sum_tdp.png, id=186, 990.70125pt x 86.3225pt>
File: ./graphics/sum_tdp.png Graphic file (type png)
<use ./graphics/sum_tdp.png>
Package pdftex.def Info: ./graphics/sum_tdp.png  used on input line 61.
(pdftex.def)             Requested size: 241.84843pt x 21.07213pt.

LaTeX Warning: `!h' float specifier changed to `!ht'.

<./graphics/box_memband.pdf, id=187, 420.57124pt x 298.11375pt>
File: ./graphics/box_memband.pdf Graphic file (type pdf)
<use ./graphics/box_memband.pdf>
Package pdftex.def Info: ./graphics/box_memband.pdf  used on input line 68.
(pdftex.def)             Requested size: 241.84843pt x 171.43227pt.
<./graphics/sum_memband.png, id=188, 692.5875pt x 60.225pt>
File: ./graphics/sum_memband.png Graphic file (type png)
<use ./graphics/sum_memband.png>
Package pdftex.def Info: ./graphics/sum_memband.png  used on input line 69.
(pdftex.def)             Requested size: 241.84843pt x 21.03035pt.

LaTeX Warning: `!h' float specifier changed to `!ht'.

<./graphics/hist_temp.pdf, id=189, 420.57124pt x 298.11375pt>
File: ./graphics/hist_temp.pdf Graphic file (type pdf)
<use ./graphics/hist_temp.pdf>
Package pdftex.def Info: ./graphics/hist_temp.pdf  used on input line 75.
(pdftex.def)             Requested size: 241.84843pt x 171.43227pt.

LaTeX Warning: `!h' float specifier changed to `!ht'.

File: graphics/hcmut.png Graphic file (type png)
<use graphics/hcmut.png>
Package pdftex.def Info: graphics/hcmut.png  used on input line 91.
(pdftex.def)             Requested size: 22.76152pt x 22.75891pt.
[13




 <./graphics/pie_market.pdf> <./graphics/pie_status.pdf> <./graphics/hist_ldate
.pdf>])
File: graphics/hcmut.png Graphic file (type png)
<use graphics/hcmut.png>
Package pdftex.def Info: graphics/hcmut.png  used on input line 84.
(pdftex.def)             Requested size: 22.76152pt x 22.75891pt.
 [14 <./graphics/box_litho.pdf> <./graphics/sum_litho.png> <./graphics/hist_bfr
eq.pdf>]
File: graphics/hcmut.png Graphic file (type png)
<use graphics/hcmut.png>
Package pdftex.def Info: graphics/hcmut.png  used on input line 84.
(pdftex.def)             Requested size: 22.76152pt x 22.75891pt.
 [15 <./graphics/box_tdp.pdf> <./graphics/sum_tdp.png> <./graphics/box_memband.
pdf> <./graphics/sum_memband.png>]
File: graphics/hcmut.png Graphic file (type png)
<use graphics/hcmut.png>
Package pdftex.def Info: graphics/hcmut.png  used on input line 84.
(pdftex.def)             Requested size: 22.76152pt x 22.75891pt.
 [16 <./graphics/hist_temp.pdf>]
\openout2 = `chapters/main/data_analysis.aux'.

 (chapters/main/data_analysis.tex)
File: graphics/hcmut.png Graphic file (type png)
<use graphics/hcmut.png>
Package pdftex.def Info: graphics/hcmut.png  used on input line 85.
(pdftex.def)             Requested size: 22.76152pt x 22.75891pt.
 [17




]
\openout2 = `chapters/main/conclusion.aux'.

 (chapters/main/conclusion.tex)
File: graphics/hcmut.png Graphic file (type png)
<use graphics/hcmut.png>
Package pdftex.def Info: graphics/hcmut.png  used on input line 86.
(pdftex.def)             Requested size: 22.76152pt x 22.75891pt.

[18




]
\openout2 = `chapters/main/appendix.aux'.

 (chapters/main/appendix.tex)
File: graphics/hcmut.png Graphic file (type png)
<use graphics/hcmut.png>
Package pdftex.def Info: graphics/hcmut.png  used on input line 87.
(pdftex.def)             Requested size: 22.76152pt x 22.75891pt.
 [19



]
No file report.bbl.

enddocument/afterlastpage: lastpage setting LastPage.
(report.aux (chapters/main/abstract.aux) (chapters/main/background.aux)
(chapters/main/data_descrip.aux) (chapters/main/data_clarify.aux)
(chapters/main/data_analysis.aux) (chapters/main/conclusion.aux)
(chapters/main/appendix.aux))

LaTeX Warning: Label(s) may have changed. Rerun to get cross-references right.

Package rerunfilecheck Info: File `report.out' has not changed.
(rerunfilecheck)             Checksum: 56546105962ECC9642914A87739DEDF6;2344.
runsystem(rm report.pyg)...executed.

 ) 
Here is how much of TeX's memory you used:
 38022 strings out of 478273
 802596 string characters out of 2837632
 1870388 words of memory out of 3000000
 57356 multiletter control sequences out of 15000+600000
 535572 words of font info for 83 fonts, out of 8000000 for 9000
 0 hyphenation exceptions out of 8191
 99i,24n,95p,646b,1050s stack positions out of 5000i,500n,10000p,200000b,80000s
 </Users/admin/Library/Application Support/MiKTeX/texmfs/data/fonts/pk/ljfour
/jknappen/ec/dpi600/tcit1000.pk> </Users/admin/Library/Application Support/MiKT
eX/texmfs/data/fonts/pk/ljfour/jknappen/ec/dpi600/tctt1000.pk> </Users/admin/Li
brary/Application Support/MiKTeX/texmfs/data/fonts/pk/ljfour/jknappen/ec/dpi600
/tcrm1000.pk></Users/admin/Library/Application Support/MiKTeX/texmfs/install/fo
nts/type1/public/amsfonts/cm/cmsy10.pfb></Users/admin/Library/Application Suppo
rt/MiKTeX/texmfs/install/fonts/type1/vntex/vnr/vnbx10.pfb></Users/admin/Library
/Application Support/MiKTeX/texmfs/install/fonts/type1/vntex/vnr/vnbx12.pfb></U
sers/admin/Library/Application Support/MiKTeX/texmfs/install/fonts/type1/vntex/
vnr/vnbx9.pfb></Users/admin/Library/Application Support/MiKTeX/texmfs/install/f
onts/type1/vntex/vnr/vnitt10.pfb></Users/admin/Library/Application Support/MiKT
eX/texmfs/install/fonts/type1/vntex/vnr/vnr10.pfb></Users/admin/Library/Applica
tion Support/MiKTeX/texmfs/install/fonts/type1/vntex/vnr/vnr5.pfb></Users/admin
/Library/Application Support/MiKTeX/texmfs/install/fonts/type1/vntex/vnr/vnti9.
pfb></Users/admin/Library/Application Support/MiKTeX/texmfs/install/fonts/type1
/vntex/vnr/vntt10.pfb></Users/admin/Library/Application Support/MiKTeX/texmfs/i
nstall/fonts/type1/vntex/vnr/vntt8.pfb>
Output written on report.pdf (19 pages, 339189 bytes).
PDF statistics:
 347 PDF objects out of 1000 (max. 8388607)
 52 named destinations out of 1000 (max. 500000)
 209 words of extra memory for PDF output out of 10000 (max. 10000000)

